#
# There is insufficient memory for the Java Runtime Environment to continue.
# Native memory allocation (malloc) failed to allocate 101392 bytes. Error detail: Chunk::new
# Possible reasons:
#   The system is out of physical RAM or swap space
#   This process is running with CompressedOops enabled, and the Java Heap may be blocking the growth of the native heap
# Possible solutions:
#   Reduce memory load on the system
#   Increase physical memory or swap space
#   Check if swap backing store is full
#   Decrease Java heap size (-Xmx/-Xms)
#   Decrease number of Java threads
#   Decrease Java thread stack sizes (-Xss)
#   Set larger code cache with -XX:ReservedCodeCacheSize=
#   JVM is running with Unscaled Compressed Oops mode in which the Java heap is
#     placed in the first 4GB address space. The Java Heap base address is the
#     maximum limit for the native heap growth. Please use -XX:HeapBaseMinAddress
#     to set the Java Heap base and to place the Java Heap above 4GB virtual address.
# This output file may be truncated or incomplete.
#
#  Out of Memory Error (arena.cpp:191), pid=20020, tid=15184
#
# JRE version: OpenJDK Runtime Environment Microsoft-9388408 (17.0.11+9) (build 17.0.11+9-LTS)
# Java VM: OpenJDK 64-Bit Server VM Microsoft-9388408 (17.0.11+9-LTS, mixed mode, tiered, compressed oops, compressed class ptrs, g1 gc, windows-amd64)
# No core dump will be written. Minidumps are not enabled by default on client versions of Windows
#

---------------  S U M M A R Y ------------

Command Line: -Xmx64m -Xms64m -Dorg.gradle.appname=gradlew org.gradle.wrapper.GradleWrapperMain app:installDebug -PreactNativeDevServerPort=8081

Host: 11th Gen Intel(R) Core(TM) i3-1115G4 @ 3.00GHz, 4 cores, 7G,  Windows 11 , 64 bit Build 22621 (10.0.22621.3672)
Time: Sat Aug 10 21:44:56 2024 India Standard Time elapsed time: 0.514603 seconds (0d 0h 0m 0s)

---------------  T H R E A D  ---------------

Current thread (0x0000022c801cd780):  JavaThread "C2 CompilerThread0" daemon [_thread_in_native, id=15184, stack(0x000000ce94e00000,0x000000ce94f00000)]


Current CompileTask:
C2:    514  425       4       java.util.regex.Matcher::match (154 bytes)

Stack: [0x000000ce94e00000,0x000000ce94f00000]
Native frames: (J=compiled Java code, j=interpreted, Vv=VM code, C=native code)
V  [jvm.dll+0x67f6d9]
V  [jvm.dll+0x83773a]
V  [jvm.dll+0x8391fe]
V  [jvm.dll+0x839863]
V  [jvm.dll+0x247fbf]
V  [jvm.dll+0xac544]
V  [jvm.dll+0xacb8c]
V  [jvm.dll+0x3688a7]
V  [jvm.dll+0x332e1a]
V  [jvm.dll+0x3322ba]
V  [jvm.dll+0x21a5d1]
V  [jvm.dll+0x219a11]
V  [jvm.dll+0x1a5396]
V  [jvm.dll+0x2297cd]
V  [jvm.dll+0x22799c]
V  [jvm.dll+0x7ec8b7]
V  [jvm.dll+0x7e6cba]
V  [jvm.dll+0x67e5c5]
C  [ucrtbase.dll+0x29333]
C  [KERNEL32.DLL+0x1257d]
C  [ntdll.dll+0x5af28]


---------------  P R O C E S S  ---------------

Threads class SMR info:
_java_thread_list=0x0000022c80411e80, length=12, elements={
0x0000022cd8b7e2f0, 0x0000022cd8c2eaa0, 0x0000022c80188eb0, 0x0000022c801c6010,
0x0000022c801c88f0, 0x0000022c801cb1d0, 0x0000022c801cc240, 0x0000022c801cd780,
0x0000022c801d2af0, 0x0000022c801d7ca0, 0x0000022c8043d580, 0x0000022c8046c5e0
}

Java Threads: ( => current thread )
  0x0000022cd8b7e2f0 JavaThread "main" [_thread_in_native, id=8820, stack(0x000000ce94100000,0x000000ce94200000)]
  0x0000022cd8c2eaa0 JavaThread "Reference Handler" daemon [_thread_blocked, id=15984, stack(0x000000ce94800000,0x000000ce94900000)]
  0x0000022c80188eb0 JavaThread "Finalizer" daemon [_thread_blocked, id=1348, stack(0x000000ce94900000,0x000000ce94a00000)]
  0x0000022c801c6010 JavaThread "Signal Dispatcher" daemon [_thread_blocked, id=10604, stack(0x000000ce94a00000,0x000000ce94b00000)]
  0x0000022c801c88f0 JavaThread "Attach Listener" daemon [_thread_blocked, id=23772, stack(0x000000ce94b00000,0x000000ce94c00000)]
  0x0000022c801cb1d0 JavaThread "Service Thread" daemon [_thread_blocked, id=18476, stack(0x000000ce94c00000,0x000000ce94d00000)]
  0x0000022c801cc240 JavaThread "Monitor Deflation Thread" daemon [_thread_blocked, id=13704, stack(0x000000ce94d00000,0x000000ce94e00000)]
=>0x0000022c801cd780 JavaThread "C2 CompilerThread0" daemon [_thread_in_native, id=15184, stack(0x000000ce94e00000,0x000000ce94f00000)]
  0x0000022c801d2af0 JavaThread "C1 CompilerThread0" daemon [_thread_blocked, id=15264, stack(0x000000ce94f00000,0x000000ce95000000)]
  0x0000022c801d7ca0 JavaThread "Sweeper thread" daemon [_thread_blocked, id=21332, stack(0x000000ce95000000,0x000000ce95100000)]
  0x0000022c8043d580 JavaThread "Notification Thread" daemon [_thread_blocked, id=3716, stack(0x000000ce95100000,0x000000ce95200000)]
  0x0000022c8046c5e0 JavaThread "Common-Cleaner" daemon [_thread_blocked, id=11944, stack(0x000000ce95300000,0x000000ce95400000)]

Other Threads:
  0x0000022c8012a5c0 VMThread "VM Thread" [stack: 0x000000ce94700000,0x000000ce94800000] [id=19396]
  0x0000022c8045e080 WatcherThread [stack: 0x000000ce95200000,0x000000ce95300000] [id=12528]
  0x0000022cd8ba0b10 GCTaskThread "GC Thread#0" [stack: 0x000000ce94200000,0x000000ce94300000] [id=20220]
  0x0000022cd8ba2260 ConcurrentGCThread "G1 Main Marker" [stack: 0x000000ce94300000,0x000000ce94400000] [id=6856]
  0x0000022cd8ba2c80 ConcurrentGCThread "G1 Conc#0" [stack: 0x000000ce94400000,0x000000ce94500000] [id=3912]
  0x0000022cd8bf5eb0 ConcurrentGCThread "G1 Refine#0" [stack: 0x000000ce94500000,0x000000ce94600000] [id=13432]
  0x0000022cd8bf68e0 ConcurrentGCThread "G1 Service" [stack: 0x000000ce94600000,0x000000ce94700000] [id=25340]

Threads with active compile tasks:
C2 CompilerThread0      555  425       4       java.util.regex.Matcher::match (154 bytes)

VM state: not at safepoint (normal execution)

VM Mutex/Monitor currently owned by a thread: None

Heap address: 0x00000000fc000000, size: 64 MB, Compressed Oops mode: 32-bit

CDS archive(s) not mapped
Compressed class space mapped at: 0x0000000100000000-0x0000000140000000, reserved size: 1073741824
Narrow klass base: 0x0000000000000000, Narrow klass shift: 3, Narrow klass range: 0x140000000

GC Precious Log:
 CPUs: 4 total, 4 available
 Memory: 7975M
 Large Page Support: Disabled
 NUMA Support: Disabled
 Compressed Oops: Enabled (32-bit)
 Heap Region Size: 1M
 Heap Min Capacity: 64M
 Heap Initial Capacity: 64M
 Heap Max Capacity: 64M
 Pre-touch: Disabled
 Parallel Workers: 4
 Concurrent Workers: 1
 Concurrent Refinement Workers: 4
 Periodic GC: Disabled

Heap:
 garbage-first heap   total 65536K, used 6144K [0x00000000fc000000, 0x0000000100000000)
  region size 1024K, 8 young (8192K), 0 survivors (0K)
 Metaspace       used 7716K, committed 7808K, reserved 1114112K
  class space    used 666K, committed 704K, reserved 1048576K

Heap Regions: E=young(eden), S=young(survivor), O=old, HS=humongous(starts), HC=humongous(continues), CS=collection set, F=free, OA=open archive, CA=closed archive, TAMS=top-at-mark-start (previous, next)
|   0|0x00000000fc000000, 0x00000000fc000000, 0x00000000fc100000|  0%| F|  |TAMS 0x00000000fc000000, 0x00000000fc000000| Untracked 
|   1|0x00000000fc100000, 0x00000000fc100000, 0x00000000fc200000|  0%| F|  |TAMS 0x00000000fc100000, 0x00000000fc100000| Untracked 
|   2|0x00000000fc200000, 0x00000000fc200000, 0x00000000fc300000|  0%| F|  |TAMS 0x00000000fc200000, 0x00000000fc200000| Untracked 
|   3|0x00000000fc300000, 0x00000000fc300000, 0x00000000fc400000|  0%| F|  |TAMS 0x00000000fc300000, 0x00000000fc300000| Untracked 
|   4|0x00000000fc400000, 0x00000000fc400000, 0x00000000fc500000|  0%| F|  |TAMS 0x00000000fc400000, 0x00000000fc400000| Untracked 
|   5|0x00000000fc500000, 0x00000000fc500000, 0x00000000fc600000|  0%| F|  |TAMS 0x00000000fc500000, 0x00000000fc500000| Untracked 
|   6|0x00000000fc600000, 0x00000000fc600000, 0x00000000fc700000|  0%| F|  |TAMS 0x00000000fc600000, 0x00000000fc600000| Untracked 
|   7|0x00000000fc700000, 0x00000000fc700000, 0x00000000fc800000|  0%| F|  |TAMS 0x00000000fc700000, 0x00000000fc700000| Untracked 
|   8|0x00000000fc800000, 0x00000000fc800000, 0x00000000fc900000|  0%| F|  |TAMS 0x00000000fc800000, 0x00000000fc800000| Untracked 
|   9|0x00000000fc900000, 0x00000000fc900000, 0x00000000fca00000|  0%| F|  |TAMS 0x00000000fc900000, 0x00000000fc900000| Untracked 
|  10|0x00000000fca00000, 0x00000000fca00000, 0x00000000fcb00000|  0%| F|  |TAMS 0x00000000fca00000, 0x00000000fca00000| Untracked 
|  11|0x00000000fcb00000, 0x00000000fcb00000, 0x00000000fcc00000|  0%| F|  |TAMS 0x00000000fcb00000, 0x00000000fcb00000| Untracked 
|  12|0x00000000fcc00000, 0x00000000fcc00000, 0x00000000fcd00000|  0%| F|  |TAMS 0x00000000fcc00000, 0x00000000fcc00000| Untracked 
|  13|0x00000000fcd00000, 0x00000000fcd00000, 0x00000000fce00000|  0%| F|  |TAMS 0x00000000fcd00000, 0x00000000fcd00000| Untracked 
|  14|0x00000000fce00000, 0x00000000fce00000, 0x00000000fcf00000|  0%| F|  |TAMS 0x00000000fce00000, 0x00000000fce00000| Untracked 
|  15|0x00000000fcf00000, 0x00000000fcf00000, 0x00000000fd000000|  0%| F|  |TAMS 0x00000000fcf00000, 0x00000000fcf00000| Untracked 
|  16|0x00000000fd000000, 0x00000000fd000000, 0x00000000fd100000|  0%| F|  |TAMS 0x00000000fd000000, 0x00000000fd000000| Untracked 
|  17|0x00000000fd100000, 0x00000000fd100000, 0x00000000fd200000|  0%| F|  |TAMS 0x00000000fd100000, 0x00000000fd100000| Untracked 
|  18|0x00000000fd200000, 0x00000000fd200000, 0x00000000fd300000|  0%| F|  |TAMS 0x00000000fd200000, 0x00000000fd200000| Untracked 
|  19|0x00000000fd300000, 0x00000000fd300000, 0x00000000fd400000|  0%| F|  |TAMS 0x00000000fd300000, 0x00000000fd300000| Untracked 
|  20|0x00000000fd400000, 0x00000000fd400000, 0x00000000fd500000|  0%| F|  |TAMS 0x00000000fd400000, 0x00000000fd400000| Untracked 
|  21|0x00000000fd500000, 0x00000000fd500000, 0x00000000fd600000|  0%| F|  |TAMS 0x00000000fd500000, 0x00000000fd500000| Untracked 
|  22|0x00000000fd600000, 0x00000000fd600000, 0x00000000fd700000|  0%| F|  |TAMS 0x00000000fd600000, 0x00000000fd600000| Untracked 
|  23|0x00000000fd700000, 0x00000000fd700000, 0x00000000fd800000|  0%| F|  |TAMS 0x00000000fd700000, 0x00000000fd700000| Untracked 
|  24|0x00000000fd800000, 0x00000000fd800000, 0x00000000fd900000|  0%| F|  |TAMS 0x00000000fd800000, 0x00000000fd800000| Untracked 
|  25|0x00000000fd900000, 0x00000000fd900000, 0x00000000fda00000|  0%| F|  |TAMS 0x00000000fd900000, 0x00000000fd900000| Untracked 
|  26|0x00000000fda00000, 0x00000000fda00000, 0x00000000fdb00000|  0%| F|  |TAMS 0x00000000fda00000, 0x00000000fda00000| Untracked 
|  27|0x00000000fdb00000, 0x00000000fdb00000, 0x00000000fdc00000|  0%| F|  |TAMS 0x00000000fdb00000, 0x00000000fdb00000| Untracked 
|  28|0x00000000fdc00000, 0x00000000fdc00000, 0x00000000fdd00000|  0%| F|  |TAMS 0x00000000fdc00000, 0x00000000fdc00000| Untracked 
|  29|0x00000000fdd00000, 0x00000000fdd00000, 0x00000000fde00000|  0%| F|  |TAMS 0x00000000fdd00000, 0x00000000fdd00000| Untracked 
|  30|0x00000000fde00000, 0x00000000fde00000, 0x00000000fdf00000|  0%| F|  |TAMS 0x00000000fde00000, 0x00000000fde00000| Untracked 
|  31|0x00000000fdf00000, 0x00000000fdf00000, 0x00000000fe000000|  0%| F|  |TAMS 0x00000000fdf00000, 0x00000000fdf00000| Untracked 
|  32|0x00000000fe000000, 0x00000000fe000000, 0x00000000fe100000|  0%| F|  |TAMS 0x00000000fe000000, 0x00000000fe000000| Untracked 
|  33|0x00000000fe100000, 0x00000000fe100000, 0x00000000fe200000|  0%| F|  |TAMS 0x00000000fe100000, 0x00000000fe100000| Untracked 
|  34|0x00000000fe200000, 0x00000000fe200000, 0x00000000fe300000|  0%| F|  |TAMS 0x00000000fe200000, 0x00000000fe200000| Untracked 
|  35|0x00000000fe300000, 0x00000000fe300000, 0x00000000fe400000|  0%| F|  |TAMS 0x00000000fe300000, 0x00000000fe300000| Untracked 
|  36|0x00000000fe400000, 0x00000000fe400000, 0x00000000fe500000|  0%| F|  |TAMS 0x00000000fe400000, 0x00000000fe400000| Untracked 
|  37|0x00000000fe500000, 0x00000000fe500000, 0x00000000fe600000|  0%| F|  |TAMS 0x00000000fe500000, 0x00000000fe500000| Untracked 
|  38|0x00000000fe600000, 0x00000000fe600000, 0x00000000fe700000|  0%| F|  |TAMS 0x00000000fe600000, 0x00000000fe600000| Untracked 
|  39|0x00000000fe700000, 0x00000000fe700000, 0x00000000fe800000|  0%| F|  |TAMS 0x00000000fe700000, 0x00000000fe700000| Untracked 
|  40|0x00000000fe800000, 0x00000000fe800000, 0x00000000fe900000|  0%| F|  |TAMS 0x00000000fe800000, 0x00000000fe800000| Untracked 
|  41|0x00000000fe900000, 0x00000000fe900000, 0x00000000fea00000|  0%| F|  |TAMS 0x00000000fe900000, 0x00000000fe900000| Untracked 
|  42|0x00000000fea00000, 0x00000000fea00000, 0x00000000feb00000|  0%| F|  |TAMS 0x00000000fea00000, 0x00000000fea00000| Untracked 
|  43|0x00000000feb00000, 0x00000000feb00000, 0x00000000fec00000|  0%| F|  |TAMS 0x00000000feb00000, 0x00000000feb00000| Untracked 
|  44|0x00000000fec00000, 0x00000000fec00000, 0x00000000fed00000|  0%| F|  |TAMS 0x00000000fec00000, 0x00000000fec00000| Untracked 
|  45|0x00000000fed00000, 0x00000000fed00000, 0x00000000fee00000|  0%| F|  |TAMS 0x00000000fed00000, 0x00000000fed00000| Untracked 
|  46|0x00000000fee00000, 0x00000000fee00000, 0x00000000fef00000|  0%| F|  |TAMS 0x00000000fee00000, 0x00000000fee00000| Untracked 
|  47|0x00000000fef00000, 0x00000000fef00000, 0x00000000ff000000|  0%| F|  |TAMS 0x00000000fef00000, 0x00000000fef00000| Untracked 
|  48|0x00000000ff000000, 0x00000000ff000000, 0x00000000ff100000|  0%| F|  |TAMS 0x00000000ff000000, 0x00000000ff000000| Untracked 
|  49|0x00000000ff100000, 0x00000000ff100000, 0x00000000ff200000|  0%| F|  |TAMS 0x00000000ff100000, 0x00000000ff100000| Untracked 
|  50|0x00000000ff200000, 0x00000000ff200000, 0x00000000ff300000|  0%| F|  |TAMS 0x00000000ff200000, 0x00000000ff200000| Untracked 
|  51|0x00000000ff300000, 0x00000000ff300000, 0x00000000ff400000|  0%| F|  |TAMS 0x00000000ff300000, 0x00000000ff300000| Untracked 
|  52|0x00000000ff400000, 0x00000000ff400000, 0x00000000ff500000|  0%| F|  |TAMS 0x00000000ff400000, 0x00000000ff400000| Untracked 
|  53|0x00000000ff500000, 0x00000000ff500000, 0x00000000ff600000|  0%| F|  |TAMS 0x00000000ff500000, 0x00000000ff500000| Untracked 
|  54|0x00000000ff600000, 0x00000000ff600000, 0x00000000ff700000|  0%| F|  |TAMS 0x00000000ff600000, 0x00000000ff600000| Untracked 
|  55|0x00000000ff700000, 0x00000000ff700000, 0x00000000ff800000|  0%| F|  |TAMS 0x00000000ff700000, 0x00000000ff700000| Untracked 
|  56|0x00000000ff800000, 0x00000000ff900000, 0x00000000ff900000|100%| E|  |TAMS 0x00000000ff800000, 0x00000000ff800000| Complete 
|  57|0x00000000ff900000, 0x00000000ffa00000, 0x00000000ffa00000|100%| E|CS|TAMS 0x00000000ff900000, 0x00000000ff900000| Complete 
|  58|0x00000000ffa00000, 0x00000000ffb00000, 0x00000000ffb00000|100%| E|CS|TAMS 0x00000000ffa00000, 0x00000000ffa00000| Complete 
|  59|0x00000000ffb00000, 0x00000000ffc00000, 0x00000000ffc00000|100%| E|CS|TAMS 0x00000000ffb00000, 0x00000000ffb00000| Complete 
|  60|0x00000000ffc00000, 0x00000000ffd00000, 0x00000000ffd00000|100%| E|CS|TAMS 0x00000000ffc00000, 0x00000000ffc00000| Complete 
|  61|0x00000000ffd00000, 0x00000000ffe00000, 0x00000000ffe00000|100%| E|  |TAMS 0x00000000ffd00000, 0x00000000ffd00000| Complete 
|  62|0x00000000ffe00000, 0x00000000fff00000, 0x00000000fff00000|100%| E|CS|TAMS 0x00000000ffe00000, 0x00000000ffe00000| Complete 
|  63|0x00000000fff00000, 0x0000000100000000, 0x0000000100000000|100%| E|CS|TAMS 0x00000000fff00000, 0x00000000fff00000| Complete 

Card table byte_map: [0x0000022cd6b40000,0x0000022cd6b60000] _byte_map_base: 0x0000022cd6360000

Marking Bits (Prev, Next): (CMBitMap*) 0x0000022cd8ba1130, (CMBitMap*) 0x0000022cd8ba1170
 Prev Bits: [0x0000022cd8950000, 0x0000022cd8a50000)
 Next Bits: [0x0000022cef6a0000, 0x0000022cef7a0000)

Polling page: 0x0000022cd6af0000

Metaspace:

Usage:
  Non-class:      6.89 MB used.
      Class:    666.74 KB used.
       Both:      7.54 MB used.

Virtual space:
  Non-class space:       64.00 MB reserved,       6.94 MB ( 11%) committed,  1 nodes.
      Class space:        1.00 GB reserved,     704.00 KB ( <1%) committed,  1 nodes.
             Both:        1.06 GB reserved,       7.62 MB ( <1%) committed. 

Chunk freelists:
   Non-Class:  8.81 MB
       Class:  15.20 MB
        Both:  24.02 MB

MaxMetaspaceSize: unlimited
CompressedClassSpaceSize: 1.00 GB
Initial GC threshold: 21.00 MB
Current GC threshold: 21.00 MB
CDS: off
MetaspaceReclaimPolicy: balanced
 - commit_granule_bytes: 65536.
 - commit_granule_words: 8192.
 - virtual_space_node_default_size: 8388608.
 - enlarge_chunks_in_place: 1.
 - new_chunks_are_fully_committed: 0.
 - uncommit_free_chunks: 1.
 - use_allocation_guard: 0.
 - handle_deallocations: 1.


Internal statistics:

num_allocs_failed_limit: 0.
num_arena_births: 12.
num_arena_deaths: 0.
num_vsnodes_births: 2.
num_vsnodes_deaths: 0.
num_space_committed: 122.
num_space_uncommitted: 0.
num_chunks_returned_to_freelist: 0.
num_chunks_taken_from_freelist: 55.
num_chunk_merges: 0.
num_chunk_splits: 28.
num_chunks_enlarged: 17.
num_inconsistent_stats: 0.

CodeHeap 'non-profiled nmethods': size=120000Kb used=121Kb max_used=121Kb free=119878Kb
 bounds [0x0000022ce8170000, 0x0000022ce83e0000, 0x0000022cef6a0000]
CodeHeap 'profiled nmethods': size=120000Kb used=690Kb max_used=690Kb free=119309Kb
 bounds [0x0000022ce06a0000, 0x0000022ce0910000, 0x0000022ce7bd0000]
CodeHeap 'non-nmethods': size=5760Kb used=1131Kb max_used=1147Kb free=4628Kb
 bounds [0x0000022ce7bd0000, 0x0000022ce7e40000, 0x0000022ce8170000]
 total_blobs=834 nmethods=434 adapters=313
 compilation: enabled
              stopped_count=0, restarted_count=0
 full_count=0

Compilation events (20 events):
Event: 0.492 Thread 0x0000022c801d2af0  415       3       java.util.HashSet::isEmpty (8 bytes)
Event: 0.492 Thread 0x0000022c801d2af0 nmethod 415 0x0000022ce073aa10 code [0x0000022ce073aba0, 0x0000022ce073adf8]
Event: 0.495 Thread 0x0000022c801d2af0  416  s    3       jdk.internal.perf.PerfCounter::add (18 bytes)
Event: 0.495 Thread 0x0000022c801d2af0 nmethod 416 0x0000022ce073af10 code [0x0000022ce073b0e0, 0x0000022ce073b498]
Event: 0.495 Thread 0x0000022c801d2af0  417  s    3       jdk.internal.perf.PerfCounter::get (9 bytes)
Event: 0.495 Thread 0x0000022c801d2af0 nmethod 417 0x0000022ce073b690 code [0x0000022ce073b840, 0x0000022ce073ba48]
Event: 0.495 Thread 0x0000022c801d2af0  418   !   3       jdk.internal.misc.ScopedMemoryAccess::putLong (25 bytes)
Event: 0.495 Thread 0x0000022c801d2af0 nmethod 418 0x0000022ce073bb90 code [0x0000022ce073bd80, 0x0000022ce073c258]
Event: 0.501 Thread 0x0000022c801d2af0  420       3       java.io.WinNTFileSystem::prefixLength (91 bytes)
Event: 0.502 Thread 0x0000022c801d2af0 nmethod 420 0x0000022ce073c490 code [0x0000022ce073c7a0, 0x0000022ce073db18]
Event: 0.503 Thread 0x0000022c801d2af0  421       3       java.lang.Math::abs (13 bytes)
Event: 0.503 Thread 0x0000022c801d2af0 nmethod 421 0x0000022ce073e190 code [0x0000022ce073e320, 0x0000022ce073e498]
Event: 0.504 Thread 0x0000022c801d2af0  423   !   3       java.util.zip.ZipFile$ZipFileInputStream::close (59 bytes)
Event: 0.504 Thread 0x0000022c801d2af0 nmethod 423 0x0000022ce073e510 code [0x0000022ce073e6c0, 0x0000022ce073ea28]
Event: 0.504 Thread 0x0000022c801d2af0  424       3       java.util.Collections$SetFromMap::remove (19 bytes)
Event: 0.504 Thread 0x0000022c801d2af0 nmethod 424 0x0000022ce073ec10 code [0x0000022ce073edc0, 0x0000022ce073efe8]
Event: 0.504 Thread 0x0000022c801d2af0  422       1       java.nio.HeapByteBuffer::isDirect (2 bytes)
Event: 0.504 Thread 0x0000022c801d2af0 nmethod 422 0x0000022ce818e210 code [0x0000022ce818e3a0, 0x0000022ce818e478]
Event: 0.506 Thread 0x0000022c801cd780  425       4       java.util.regex.Matcher::match (154 bytes)
Event: 0.507 Thread 0x0000022c801d2af0  426       3       java.util.regex.Pattern::escape (1327 bytes)

GC Heap History (0 events):
No events

Dll operation events (5 events):
Event: 0.009 Loaded shared library C:\Program Files\Microsoft\jdk-17.0.11.9-hotspot\bin\java.dll
Event: 0.048 Loaded shared library C:\Program Files\Microsoft\jdk-17.0.11.9-hotspot\bin\jsvml.dll
Event: 0.144 Loaded shared library C:\Program Files\Microsoft\jdk-17.0.11.9-hotspot\bin\net.dll
Event: 0.145 Loaded shared library C:\Program Files\Microsoft\jdk-17.0.11.9-hotspot\bin\nio.dll
Event: 0.153 Loaded shared library C:\Program Files\Microsoft\jdk-17.0.11.9-hotspot\bin\zip.dll

Deoptimization events (20 events):
Event: 0.268 Thread 0x0000022cd8b7e2f0 DEOPT PACKING pc=0x0000022ce06b7767 sp=0x000000ce941faf30
Event: 0.268 Thread 0x0000022cd8b7e2f0 DEOPT UNPACKING pc=0x0000022ce7c2ace3 sp=0x000000ce941fa350 mode 0
Event: 0.412 Thread 0x0000022cd8b7e2f0 DEOPT PACKING pc=0x0000022ce06cf87e sp=0x000000ce941fd950
Event: 0.412 Thread 0x0000022cd8b7e2f0 DEOPT UNPACKING pc=0x0000022ce7c2ace3 sp=0x000000ce941fcdc0 mode 0
Event: 0.412 Thread 0x0000022cd8b7e2f0 DEOPT PACKING pc=0x0000022ce06cf87e sp=0x000000ce941fd950
Event: 0.412 Thread 0x0000022cd8b7e2f0 DEOPT UNPACKING pc=0x0000022ce7c2ace3 sp=0x000000ce941fcdc0 mode 0
Event: 0.420 Thread 0x0000022cd8b7e2f0 DEOPT PACKING pc=0x0000022ce07058be sp=0x000000ce941fd6b0
Event: 0.420 Thread 0x0000022cd8b7e2f0 DEOPT UNPACKING pc=0x0000022ce7c2ace3 sp=0x000000ce941fcb28 mode 0
Event: 0.420 Thread 0x0000022cd8b7e2f0 DEOPT PACKING pc=0x0000022ce07058be sp=0x000000ce941fd6b0
Event: 0.420 Thread 0x0000022cd8b7e2f0 DEOPT UNPACKING pc=0x0000022ce7c2ace3 sp=0x000000ce941fcb28 mode 0
Event: 0.420 Thread 0x0000022cd8b7e2f0 DEOPT PACKING pc=0x0000022ce07058be sp=0x000000ce941fd6b0
Event: 0.420 Thread 0x0000022cd8b7e2f0 DEOPT UNPACKING pc=0x0000022ce7c2ace3 sp=0x000000ce941fcb28 mode 0
Event: 0.424 Thread 0x0000022cd8b7e2f0 DEOPT PACKING pc=0x0000022ce07058be sp=0x000000ce941fd6b0
Event: 0.424 Thread 0x0000022cd8b7e2f0 DEOPT UNPACKING pc=0x0000022ce7c2ace3 sp=0x000000ce941fcb28 mode 0
Event: 0.468 Thread 0x0000022cd8b7e2f0 DEOPT PACKING pc=0x0000022ce06fc35a sp=0x000000ce941fd500
Event: 0.468 Thread 0x0000022cd8b7e2f0 DEOPT UNPACKING pc=0x0000022ce7c2ace3 sp=0x000000ce941fc9c0 mode 0
Event: 0.507 Thread 0x0000022cd8b7e2f0 Uncommon trap: trap_request=0xffffff45 fr.pc=0x0000022ce8188f90 relative=0x0000000000000090
Event: 0.507 Thread 0x0000022cd8b7e2f0 Uncommon trap: reason=unstable_if action=reinterpret pc=0x0000022ce8188f90 method=java.util.regex.Pattern.append(II)V @ 9 c2
Event: 0.507 Thread 0x0000022cd8b7e2f0 DEOPT PACKING pc=0x0000022ce8188f90 sp=0x000000ce941fd650
Event: 0.507 Thread 0x0000022cd8b7e2f0 DEOPT UNPACKING pc=0x0000022ce7c2a1a3 sp=0x000000ce941fd5e0 mode 2

Classes unloaded (0 events):
No events

Classes redefined (0 events):
No events

Internal exceptions (1 events):
Event: 0.272 Thread 0x0000022cd8b7e2f0 Exception <a 'java/lang/NoSuchMethodError'{0x00000000ffc665c0}: 'int java.lang.invoke.DirectMethodHandle$Holder.invokeStaticInit(java.lang.Object, java.lang.Object)'> (0x00000000ffc665c0) 
thrown [s\src\hotspot\share\interpreter\linkResolver.cpp, line 759]

VM Operations (2 events):
Event: 0.155 Executing VM operation: HandshakeAllThreads
Event: 0.155 Executing VM operation: HandshakeAllThreads done

Events (20 events):
Event: 0.278 loading class java/io/FileFilter
Event: 0.278 loading class java/io/FileFilter done
Event: 0.392 loading class java/util/Collections$UnmodifiableList
Event: 0.392 loading class java/util/Collections$UnmodifiableList done
Event: 0.392 loading class java/util/Collections$UnmodifiableRandomAccessList
Event: 0.392 loading class java/util/Collections$UnmodifiableRandomAccessList done
Event: 0.395 loading class java/util/AbstractList$Itr
Event: 0.395 loading class java/util/AbstractList$Itr done
Event: 0.397 loading class java/util/ArrayList$SubList
Event: 0.397 loading class java/util/ArrayList$SubList done
Event: 0.406 loading class java/util/Collections$UnmodifiableCollection$1
Event: 0.406 loading class java/util/Collections$UnmodifiableCollection$1 done
Event: 0.408 loading class java/util/Collections$SingletonSet
Event: 0.408 loading class java/util/Collections$SingletonSet done
Event: 0.408 loading class java/util/Collections$1
Event: 0.408 loading class java/util/Collections$1 done
Event: 0.410 loading class java/lang/invoke/DirectMethodHandle$Special
Event: 0.411 loading class java/lang/invoke/DirectMethodHandle$Special done
Event: 0.414 loading class java/util/regex/Pattern$StartS
Event: 0.415 loading class java/util/regex/Pattern$StartS done


Dynamic libraries:
0x00007ff7b2af0000 - 0x00007ff7b2afe000 	C:\Program Files\Microsoft\jdk-17.0.11.9-hotspot\bin\java.exe
0x00007ffa74b50000 - 0x00007ffa74d67000 	C:\Windows\SYSTEM32\ntdll.dll
0x00007ffa74150000 - 0x00007ffa74214000 	C:\Windows\System32\KERNEL32.DLL
0x00007ffa71fd0000 - 0x00007ffa7237d000 	C:\Windows\System32\KERNELBASE.dll
0x00007ffa726b0000 - 0x00007ffa727c1000 	C:\Windows\System32\ucrtbase.dll
0x00007ffa690a0000 - 0x00007ffa690b7000 	C:\Program Files\Microsoft\jdk-17.0.11.9-hotspot\bin\jli.dll
0x00007ffa69130000 - 0x00007ffa6914b000 	C:\Program Files\Microsoft\jdk-17.0.11.9-hotspot\bin\VCRUNTIME140.dll
0x00007ffa733b0000 - 0x00007ffa7355e000 	C:\Windows\System32\USER32.dll
0x00007ffa71fa0000 - 0x00007ffa71fc6000 	C:\Windows\System32\win32u.dll
0x00007ffa74410000 - 0x00007ffa74439000 	C:\Windows\System32\GDI32.dll
0x00007ffa71e80000 - 0x00007ffa71f99000 	C:\Windows\System32\gdi32full.dll
0x00007ffa723b0000 - 0x00007ffa7244a000 	C:\Windows\System32\msvcp_win.dll
0x00007ffa5b140000 - 0x00007ffa5b3d3000 	C:\Windows\WinSxS\amd64_microsoft.windows.common-controls_6595b64144ccf1df_6.0.22621.3672_none_2713b9d173822955\COMCTL32.dll
0x00007ffa72f70000 - 0x00007ffa73017000 	C:\Windows\System32\msvcrt.dll
0x00007ffa74ad0000 - 0x00007ffa74b01000 	C:\Windows\System32\IMM32.DLL
0x00007ffa6b790000 - 0x00007ffa6b79c000 	C:\Program Files\Microsoft\jdk-17.0.11.9-hotspot\bin\vcruntime140_1.dll
0x00007ffa50890000 - 0x00007ffa5091d000 	C:\Program Files\Microsoft\jdk-17.0.11.9-hotspot\bin\msvcp140.dll
0x00007ffa1da50000 - 0x00007ffa1e6b6000 	C:\Program Files\Microsoft\jdk-17.0.11.9-hotspot\bin\server\jvm.dll
0x00007ffa73560000 - 0x00007ffa73612000 	C:\Windows\System32\ADVAPI32.dll
0x00007ffa72a40000 - 0x00007ffa72ae9000 	C:\Windows\System32\sechost.dll
0x00007ffa72380000 - 0x00007ffa723a8000 	C:\Windows\System32\bcrypt.dll
0x00007ffa749b0000 - 0x00007ffa74ac4000 	C:\Windows\System32\RPCRT4.dll
0x00007ffa71b90000 - 0x00007ffa71bdd000 	C:\Windows\SYSTEM32\POWRPROF.dll
0x00007ffa680c0000 - 0x00007ffa680ca000 	C:\Windows\SYSTEM32\VERSION.dll
0x00007ffa697b0000 - 0x00007ffa697e4000 	C:\Windows\SYSTEM32\WINMM.dll
0x00007ffa6b7f0000 - 0x00007ffa6b7f9000 	C:\Windows\SYSTEM32\WSOCK32.dll
0x00007ffa74220000 - 0x00007ffa74291000 	C:\Windows\System32\WS2_32.dll
0x00007ffa71b70000 - 0x00007ffa71b83000 	C:\Windows\SYSTEM32\UMPDC.dll
0x00007ffa70e80000 - 0x00007ffa70e98000 	C:\Windows\SYSTEM32\kernel.appcore.dll
0x00007ffa5a8f0000 - 0x00007ffa5a8fa000 	C:\Program Files\Microsoft\jdk-17.0.11.9-hotspot\bin\jimage.dll
0x00007ffa6f220000 - 0x00007ffa6f452000 	C:\Windows\SYSTEM32\DBGHELP.DLL
0x00007ffa73020000 - 0x00007ffa733a8000 	C:\Windows\System32\combase.dll
0x00007ffa74710000 - 0x00007ffa747e7000 	C:\Windows\System32\OLEAUT32.dll
0x00007ffa4a750000 - 0x00007ffa4a782000 	C:\Windows\SYSTEM32\dbgcore.DLL
0x00007ffa72630000 - 0x00007ffa726ab000 	C:\Windows\System32\bcryptPrimitives.dll
0x00007ffa5a6a0000 - 0x00007ffa5a6c5000 	C:\Program Files\Microsoft\jdk-17.0.11.9-hotspot\bin\java.dll
0x00007ffa2a8d0000 - 0x00007ffa2a9a7000 	C:\Program Files\Microsoft\jdk-17.0.11.9-hotspot\bin\jsvml.dll
0x00007ffa73620000 - 0x00007ffa73e7f000 	C:\Windows\System32\SHELL32.dll
0x00007ffa6fd80000 - 0x00007ffa7067c000 	C:\Windows\SYSTEM32\windows.storage.dll
0x00007ffa6fc40000 - 0x00007ffa6fd7f000 	C:\Windows\SYSTEM32\wintypes.dll
0x00007ffa73e80000 - 0x00007ffa73f74000 	C:\Windows\System32\SHCORE.dll
0x00007ffa742a0000 - 0x00007ffa742fe000 	C:\Windows\System32\shlwapi.dll
0x00007ffa71db0000 - 0x00007ffa71dd1000 	C:\Windows\SYSTEM32\profapi.dll
0x00007ffa59c30000 - 0x00007ffa59c49000 	C:\Program Files\Microsoft\jdk-17.0.11.9-hotspot\bin\net.dll
0x00007ffa6b980000 - 0x00007ffa6bab6000 	C:\Windows\SYSTEM32\WINHTTP.dll
0x00007ffa71320000 - 0x00007ffa71389000 	C:\Windows\system32\mswsock.dll
0x00007ffa56620000 - 0x00007ffa56636000 	C:\Program Files\Microsoft\jdk-17.0.11.9-hotspot\bin\nio.dll
0x00007ffa56600000 - 0x00007ffa56618000 	C:\Program Files\Microsoft\jdk-17.0.11.9-hotspot\bin\zip.dll

dbghelp: loaded successfully - version: 4.0.5 - missing functions: none
symbol engine: initialized successfully - sym options: 0x614 - pdb path: .;C:\Program Files\Microsoft\jdk-17.0.11.9-hotspot\bin;C:\Windows\SYSTEM32;C:\Windows\WinSxS\amd64_microsoft.windows.common-controls_6595b64144ccf1df_6.0.22621.3672_none_2713b9d173822955;C:\Program Files\Microsoft\jdk-17.0.11.9-hotspot\bin\server

VM Arguments:
jvm_args: -Xmx64m -Xms64m -Dorg.gradle.appname=gradlew 
java_command: org.gradle.wrapper.GradleWrapperMain app:installDebug -PreactNativeDevServerPort=8081
java_class_path (initial): E:\React Native\FoodApp\UKFood\android\\gradle\wrapper\gradle-wrapper.jar
Launcher Type: SUN_STANDARD

[Global flags]
     intx CICompilerCount                          = 3                                         {product} {ergonomic}
     uint ConcGCThreads                            = 1                                         {product} {ergonomic}
     uint G1ConcRefinementThreads                  = 4                                         {product} {ergonomic}
   size_t G1HeapRegionSize                         = 1048576                                   {product} {ergonomic}
    uintx GCDrainStackTargetSize                   = 64                                        {product} {ergonomic}
   size_t InitialHeapSize                          = 67108864                                  {product} {command line}
   size_t MarkStackSize                            = 4194304                                   {product} {ergonomic}
   size_t MaxHeapSize                              = 67108864                                  {product} {command line}
   size_t MaxNewSize                               = 39845888                                  {product} {ergonomic}
   size_t MinHeapDeltaBytes                        = 1048576                                   {product} {ergonomic}
   size_t MinHeapSize                              = 67108864                                  {product} {command line}
    uintx NonNMethodCodeHeapSize                   = 5832780                                {pd product} {ergonomic}
    uintx NonProfiledCodeHeapSize                  = 122912730                              {pd product} {ergonomic}
    uintx ProfiledCodeHeapSize                     = 122912730                              {pd product} {ergonomic}
    uintx ReservedCodeCacheSize                    = 251658240                              {pd product} {ergonomic}
     bool SegmentedCodeCache                       = true                                      {product} {ergonomic}
   size_t SoftMaxHeapSize                          = 67108864                               {manageable} {ergonomic}
     bool UseCompressedClassPointers               = true                           {product lp64_product} {ergonomic}
     bool UseCompressedOops                        = true                           {product lp64_product} {ergonomic}
     bool UseG1GC                                  = true                                      {product} {ergonomic}
     bool UseLargePagesIndividualAllocation        = false                                  {pd product} {ergonomic}

Logging:
Log output configuration:
 #0: stdout all=warning uptime,level,tags
 #1: stderr all=off uptime,level,tags

Environment Variables:
JAVA_HOME=C:\Program Files\Microsoft\jdk-17.0.11.9-hotspot\
CLASSPATH=E:\React Native\FoodApp\UKFood\android\\gradle\wrapper\gradle-wrapper.jar
PATH=E:\React Native\FoodApp\UKFood\node_modules\.bin;E:\React Native\FoodApp\UKFood\node_modules\.bin;E:\React Native\FoodApp\node_modules\.bin;E:\React Native\node_modules\.bin;E:\node_modules\.bin;C:\Users\Lenovo\AppData\Roaming\nvm\v18.17.0\node_modules\npm\node_modules\@npmcli\run-script\lib\node-gyp-bin;E:\React Native\FoodApp\UKFood\node_modules\.bin;E:\React Native\FoodApp\node_modules\.bin;E:\React Native\node_modules\.bin;E:\node_modules\.bin;C:\Users\Lenovo\AppData\Roaming\nvm\v18.17.0\node_modules\npm\node_modules\@npmcli\run-script\lib\node-gyp-bin;C:\Program Files\Common Files\Oracle\Java\javapath;C:\Program Files\Microsoft\jdk-17.0.11.9-hotspot\bin;C:\Windows\system32;C:\Windows;C:\Windows\System32\Wbem;C:\Windows\System32\WindowsPowerShell\v1.0\;C:\Windows\System32\OpenSSH\;C:\Users\Lenovo\AppData\Roaming\nvm;C:\Program Files\nodejs;C:\Program Files\Git\cmd;C:\ProgramData\chocolatey\bin;C:\Program Files\nodejs;C:\Program Files\Java\jdk-17\bin;C:\Users\Lenovo\AppData\Local\Android\Sdk\platform-tools;C:\Users\Lenovo\AppData\Local\Microsoft\WindowsApps;C:\Users\Lenovo\AppData\Local\Programs\Microsoft VS Code\bin;C:\Users\Lenovo\AppData\Roaming\npm;C:\Users\Lenovo\AppData\Roaming\nvm;C:\Program Files\nodejs;C:\Program Files\Java\jdk-17\bin;
USERNAME=Lenovo
LANG=en_US.UTF-8
OS=Windows_NT
PROCESSOR_IDENTIFIER=Intel64 Family 6 Model 140 Stepping 2, GenuineIntel
TMP=C:\Users\Lenovo\AppData\Local\Temp
TEMP=C:\Users\Lenovo\AppData\Local\Temp



Periodic native trim disabled


---------------  S Y S T E M  ---------------

OS:
 Windows 11 , 64 bit Build 22621 (10.0.22621.3672)
OS uptime: 6 days 22:06 hours
Hyper-V role detected

CPU: total 4 (initial active 4) (2 cores per cpu, 2 threads per core) family 6 model 140 stepping 2 microcode 0x26, cx8, cmov, fxsr, ht, mmx, 3dnowpref, sse, sse2, sse3, ssse3, sse4.1, sse4.2, popcnt, lzcnt, tsc, tscinvbit, avx, avx2, aes, erms, clmul, bmi1, bmi2, adx, avx512f, avx512dq, avx512cd, avx512bw, avx512vl, sha, fma, vzeroupper, avx512_vpopcntdq, avx512_vpclmulqdq, avx512_vaes, avx512_vnni, clflush, clflushopt, clwb, avx512_vbmi2, avx512_vbmi, hv
Processor Information for all 4 processors :
  Max Mhz: 2995, Current Mhz: 2995, Mhz Limit: 2995

Memory: 4k page, system-wide physical 7975M (233M free)
TotalPageFile size 31238M (AvailPageFile size 0M)
current process WorkingSet (physical memory assigned to process): 43M, peak: 43M
current process commit charge ("private bytes"): 134M, peak: 135M

vm_info: OpenJDK 64-Bit Server VM (17.0.11+9-LTS) for windows-amd64 JRE (17.0.11+9-LTS), built on Apr  9 2024 22:05:54 by "MicrosoftCorporation" with MS VC++ 16.10 / 16.11 (VS2019)

END.
